2025-03-06 10:19:19 - Script started
2025-03-06 10:19:19 - No CSV file provided. Using found CSV file: ./plants.csv
2025-03-06 10:19:19 - CSV file found: ./plants.csv
2025-03-06 10:19:19 - Requirements file found: ./requirements.txt
2025-03-06 10:19:19 - .gitignore file not found at ../../.gitignore, creating it
2025-03-06 10:19:19 - Created .gitignore and added Work/Q4/venv
2025-03-06 10:19:19 - plant.py found
2025-03-06 10:19:19 - Creating virtual environment
2025-03-06 10:19:23 - Activating virtual environment
2025-03-06 10:19:23 - Installing requirements from ./requirements.txt
Collecting argparse (from -r ./requirements.txt (line 1))
  Using cached argparse-1.4.0-py2.py3-none-any.whl.metadata (2.8 kB)
Collecting matplotlib (from -r ./requirements.txt (line 2))
  Using cached matplotlib-3.10.1-cp312-cp312-manylinux_2_17_x86_64.manylinux2014_x86_64.whl.metadata (11 kB)
Collecting contourpy>=1.0.1 (from matplotlib->-r ./requirements.txt (line 2))
  Using cached contourpy-1.3.1-cp312-cp312-manylinux_2_17_x86_64.manylinux2014_x86_64.whl.metadata (5.4 kB)
Collecting cycler>=0.10 (from matplotlib->-r ./requirements.txt (line 2))
  Using cached cycler-0.12.1-py3-none-any.whl.metadata (3.8 kB)
Collecting fonttools>=4.22.0 (from matplotlib->-r ./requirements.txt (line 2))
  Using cached fonttools-4.56.0-cp312-cp312-manylinux_2_5_x86_64.manylinux1_x86_64.manylinux_2_17_x86_64.manylinux2014_x86_64.whl.metadata (101 kB)
Collecting kiwisolver>=1.3.1 (from matplotlib->-r ./requirements.txt (line 2))
  Using cached kiwisolver-1.4.8-cp312-cp312-manylinux_2_17_x86_64.manylinux2014_x86_64.whl.metadata (6.2 kB)
Collecting numpy>=1.23 (from matplotlib->-r ./requirements.txt (line 2))
  Using cached numpy-2.2.3-cp312-cp312-manylinux_2_17_x86_64.manylinux2014_x86_64.whl.metadata (62 kB)
Collecting packaging>=20.0 (from matplotlib->-r ./requirements.txt (line 2))
  Using cached packaging-24.2-py3-none-any.whl.metadata (3.2 kB)
Collecting pillow>=8 (from matplotlib->-r ./requirements.txt (line 2))
  Using cached pillow-11.1.0-cp312-cp312-manylinux_2_28_x86_64.whl.metadata (9.1 kB)
Collecting pyparsing>=2.3.1 (from matplotlib->-r ./requirements.txt (line 2))
  Using cached pyparsing-3.2.1-py3-none-any.whl.metadata (5.0 kB)
Collecting python-dateutil>=2.7 (from matplotlib->-r ./requirements.txt (line 2))
  Using cached python_dateutil-2.9.0.post0-py2.py3-none-any.whl.metadata (8.4 kB)
Collecting six>=1.5 (from python-dateutil>=2.7->matplotlib->-r ./requirements.txt (line 2))
  Using cached six-1.17.0-py2.py3-none-any.whl.metadata (1.7 kB)
Using cached argparse-1.4.0-py2.py3-none-any.whl (23 kB)
Using cached matplotlib-3.10.1-cp312-cp312-manylinux_2_17_x86_64.manylinux2014_x86_64.whl (8.6 MB)
Using cached contourpy-1.3.1-cp312-cp312-manylinux_2_17_x86_64.manylinux2014_x86_64.whl (323 kB)
Using cached cycler-0.12.1-py3-none-any.whl (8.3 kB)
Using cached fonttools-4.56.0-cp312-cp312-manylinux_2_5_x86_64.manylinux1_x86_64.manylinux_2_17_x86_64.manylinux2014_x86_64.whl (4.9 MB)
Using cached kiwisolver-1.4.8-cp312-cp312-manylinux_2_17_x86_64.manylinux2014_x86_64.whl (1.5 MB)
Using cached numpy-2.2.3-cp312-cp312-manylinux_2_17_x86_64.manylinux2014_x86_64.whl (16.1 MB)
Using cached packaging-24.2-py3-none-any.whl (65 kB)
Using cached pillow-11.1.0-cp312-cp312-manylinux_2_28_x86_64.whl (4.5 MB)
Using cached pyparsing-3.2.1-py3-none-any.whl (107 kB)
Using cached python_dateutil-2.9.0.post0-py2.py3-none-any.whl (229 kB)
Using cached six-1.17.0-py2.py3-none-any.whl (11 kB)
Installing collected packages: argparse, six, pyparsing, pillow, packaging, numpy, kiwisolver, fonttools, cycler, python-dateutil, contourpy, matplotlib
Successfully installed argparse-1.4.0 contourpy-1.3.1 cycler-0.12.1 fonttools-4.56.0 kiwisolver-1.4.8 matplotlib-3.10.1 numpy-2.2.3 packaging-24.2 pillow-11.1.0 pyparsing-3.2.1 python-dateutil-2.9.0.post0 six-1.17.0
2025-03-06 10:19:33 - Processing CSV file: ./plants.csv
2025-03-06 10:19:33 - Processing plant: Rose
2025-03-06 10:19:33 - Running plant.py for Rose with height=50 55 60 65 70, leaf_count=35 40 45 50 55, dry_weight=2.0 2.2 2.5 2.7 3.0
2025-03-06 10:19:34 - PNG files moved to ./Diagrams/Rose/
2025-03-06 10:19:34 - Script output:
Plant: Rose
Height data: [50.0, 55.0, 60.0, 65.0, 70.0] cm
Leaf count data: [35, 40, 45, 50, 55]
Dry weight data: [2.0, 2.2, 2.5, 2.7, 3.0] g
Generated plots for Rose:
Scatter plot saved as Rose_scatter.png
Histogram saved as Rose_histogram.png
Line plot saved as Rose_line_plot.png

2025-03-06 10:19:34 - Script executed successfully for plant: Rose
2025-03-06 10:19:34 - Processing plant: Tulip
2025-03-06 10:19:34 - Running plant.py for Tulip with height=30 35 40 42, leaf_count=12 15 18 20, dry_weight=1.5 1.6 1.7 1.8
2025-03-06 10:19:34 - PNG files moved to ./Diagrams/Tulip/
2025-03-06 10:19:34 - Script output:
Plant: Tulip
Height data: [30.0, 35.0, 40.0, 42.0] cm
Leaf count data: [12, 15, 18, 20]
Dry weight data: [1.5, 1.6, 1.7, 1.8] g

2025-03-06 10:19:34 - ERROR: Script failed for plant: Tulip with exit code: 1
2025-03-06 10:19:34 - Processing plant: Sunflower
2025-03-06 10:19:34 - Running plant.py for Sunflower with height=120 125 130 135, leaf_count=50 55 60 65, dry_weight=5.0 5.5 6.0 6.5
2025-03-06 10:19:35 - PNG files moved to ./Diagrams/Sunflower/
2025-03-06 10:19:35 - Script output:
Plant: Sunflower
Height data: [120.0, 125.0, 130.0, 135.0] cm
Leaf count data: [50, 55, 60, 65]
Dry weight data: [5.0, 5.5, 6.0, 6.5] g

2025-03-06 10:19:35 - ERROR: Script failed for plant: Sunflower with exit code: 1
2025-03-06 10:19:35 - Processing plant: Daffodil
2025-03-06 10:19:35 - Running plant.py for Daffodil with height=40 45 50 55, leaf_count=15 18 20 22, dry_weight=1.8 2.0 2.2 2.5
2025-03-06 10:19:36 - PNG files moved to ./Diagrams/Daffodil/
2025-03-06 10:19:36 - Script output:
Plant: Daffodil
Height data: [40.0, 45.0, 50.0, 55.0] cm
Leaf count data: [15, 18, 20, 22]
Dry weight data: [1.8, 2.0, 2.2, 2.5] g

2025-03-06 10:19:36 - ERROR: Script failed for plant: Daffodil with exit code: 1
2025-03-06 10:19:36 - Processing plant: Lily
2025-03-06 10:19:36 - Running plant.py for Lily with height=60 65 70, leaf_count=20 22 24, dry_weight=2.5 2.7 3.0
2025-03-06 10:19:37 - PNG files moved to ./Diagrams/Lily/
2025-03-06 10:19:37 - Script output:
Plant: Lily
Height data: [60.0, 65.0, 70.0] cm
Leaf count data: [20, 22, 24]
Dry weight data: [2.5, 2.7, 3.0] g

2025-03-06 10:19:37 - ERROR: Script failed for plant: Lily with exit code: 1
2025-03-06 10:19:37 - Deactivating virtual environment
2025-03-06 10:19:37 - Script completed successfully
2025-03-06 11:27:48 - Script started
2025-03-06 11:27:48 - Python script path provided with -p flag: plant.py
2025-03-06 11:27:48 - CSV file provided with -c flag: plants.csv
2025-03-06 11:27:48 - CSV file found: plants.csv
2025-03-06 11:27:48 - Python script found: plant.py
2025-03-06 11:27:48 - Requirements file found: ./requirements.txt
2025-03-06 11:27:48 - .gitignore file found at ../../.gitignore
2025-03-06 11:27:48 - Work/Q4/venv already exists in .gitignore
2025-03-06 11:27:48 - Virtual environment already exists
2025-03-06 11:27:48 - Activating virtual environment
2025-03-06 11:27:48 - Installing requirements from ./requirements.txt
Collecting argparse (from -r ./requirements.txt (line 1))
  Using cached argparse-1.4.0-py2.py3-none-any.whl.metadata (2.8 kB)
Requirement already satisfied: matplotlib in ./venv/lib/python3.12/site-packages (from -r ./requirements.txt (line 2)) (3.10.1)
Requirement already satisfied: contourpy>=1.0.1 in ./venv/lib/python3.12/site-packages (from matplotlib->-r ./requirements.txt (line 2)) (1.3.1)
Requirement already satisfied: cycler>=0.10 in ./venv/lib/python3.12/site-packages (from matplotlib->-r ./requirements.txt (line 2)) (0.12.1)
Requirement already satisfied: fonttools>=4.22.0 in ./venv/lib/python3.12/site-packages (from matplotlib->-r ./requirements.txt (line 2)) (4.56.0)
Requirement already satisfied: kiwisolver>=1.3.1 in ./venv/lib/python3.12/site-packages (from matplotlib->-r ./requirements.txt (line 2)) (1.4.8)
Requirement already satisfied: numpy>=1.23 in ./venv/lib/python3.12/site-packages (from matplotlib->-r ./requirements.txt (line 2)) (2.2.3)
Requirement already satisfied: packaging>=20.0 in ./venv/lib/python3.12/site-packages (from matplotlib->-r ./requirements.txt (line 2)) (24.2)
Requirement already satisfied: pillow>=8 in ./venv/lib/python3.12/site-packages (from matplotlib->-r ./requirements.txt (line 2)) (11.1.0)
Requirement already satisfied: pyparsing>=2.3.1 in ./venv/lib/python3.12/site-packages (from matplotlib->-r ./requirements.txt (line 2)) (3.2.1)
Requirement already satisfied: python-dateutil>=2.7 in ./venv/lib/python3.12/site-packages (from matplotlib->-r ./requirements.txt (line 2)) (2.9.0.post0)
Requirement already satisfied: six>=1.5 in ./venv/lib/python3.12/site-packages (from python-dateutil>=2.7->matplotlib->-r ./requirements.txt (line 2)) (1.17.0)
Using cached argparse-1.4.0-py2.py3-none-any.whl (23 kB)
Installing collected packages: argparse
Successfully installed argparse-1.4.0
2025-03-06 11:27:49 - Processing CSV file: plants.csv
2025-03-06 11:27:49 - Processing plant: Rose
2025-03-06 11:27:49 - Running plant.py for Rose with height=50 55 60 65 70, leaf_count=35 40 45 50 55, dry_weight=2.0 2.2 2.5 2.7 3.0
2025-03-06 11:27:51 - PNG files moved to ./Diagrams/Rose/
2025-03-06 11:27:51 - Script output:
Plant: Rose
Height data: [50.0, 55.0, 60.0, 65.0, 70.0] cm
Leaf count data: [35, 40, 45, 50, 55]
Dry weight data: [2.0, 2.2, 2.5, 2.7, 3.0] g
Generated plots for Rose:
Scatter plot saved as Rose_scatter.png
Histogram saved as Rose_histogram.png
Line plot saved as Rose_line_plot.png

2025-03-06 11:27:51 - Script executed successfully for plant: Rose
2025-03-06 11:27:51 - Processing plant: Tulip
2025-03-06 11:27:51 - Running plant.py for Tulip with height=30 35 40 42, leaf_count=12 15 18 20, dry_weight=1.5 1.6 1.7 1.8
2025-03-06 11:27:52 - PNG files moved to ./Diagrams/Tulip/
2025-03-06 11:27:52 - Script output:
Plant: Tulip
Height data: [30.0, 35.0, 40.0, 42.0] cm
Leaf count data: [12, 15, 18, 20]
Dry weight data: [1.5, 1.6, 1.7, 1.8] g

2025-03-06 11:27:52 - ERROR: Script failed for plant: Tulip with exit code: 1
2025-03-06 11:27:52 - Processing plant: Sunflower
2025-03-06 11:27:52 - Running plant.py for Sunflower with height=120 125 130 135, leaf_count=50 55 60 65, dry_weight=5.0 5.5 6.0 6.5
2025-03-06 11:27:53 - PNG files moved to ./Diagrams/Sunflower/
2025-03-06 11:27:53 - Script output:
Plant: Sunflower
Height data: [120.0, 125.0, 130.0, 135.0] cm
Leaf count data: [50, 55, 60, 65]
Dry weight data: [5.0, 5.5, 6.0, 6.5] g

2025-03-06 11:27:53 - ERROR: Script failed for plant: Sunflower with exit code: 1
2025-03-06 11:27:53 - Processing plant: Daffodil
2025-03-06 11:27:53 - Running plant.py for Daffodil with height=40 45 50 55, leaf_count=15 18 20 22, dry_weight=1.8 2.0 2.2 2.5
2025-03-06 11:27:54 - PNG files moved to ./Diagrams/Daffodil/
2025-03-06 11:27:54 - Script output:
Plant: Daffodil
Height data: [40.0, 45.0, 50.0, 55.0] cm
Leaf count data: [15, 18, 20, 22]
Dry weight data: [1.8, 2.0, 2.2, 2.5] g

2025-03-06 11:27:54 - ERROR: Script failed for plant: Daffodil with exit code: 1
2025-03-06 11:27:54 - Processing plant: Lily
2025-03-06 11:27:54 - Running plant.py for Lily with height=60 65 70, leaf_count=20 22 24, dry_weight=2.5 2.7 3.0
2025-03-06 11:27:55 - PNG files moved to ./Diagrams/Lily/
2025-03-06 11:27:55 - Script output:
Plant: Lily
Height data: [60.0, 65.0, 70.0] cm
Leaf count data: [20, 22, 24]
Dry weight data: [2.5, 2.7, 3.0] g

2025-03-06 11:27:55 - ERROR: Script failed for plant: Lily with exit code: 1
2025-03-06 11:27:55 - Deactivating virtual environment
2025-03-06 11:27:55 - Script completed successfully
2025-03-06 11:30:20 - Script started
2025-03-06 11:30:20 - CSV file provided with -csv flag: /home/ubuntu/LINUX_COURSE_PROJECT/DOWNLOADS/LINUX_COURSE_WORK-downloads/plants.csv
2025-03-06 11:30:20 - Python script path provided with -p flag: ../Q2/plant.py
2025-03-06 11:30:20 - CSV file found: /home/ubuntu/LINUX_COURSE_PROJECT/DOWNLOADS/LINUX_COURSE_WORK-downloads/plants.csv
2025-03-06 11:30:20 - Python script found: ../Q2/plant.py
2025-03-06 11:30:21 - Requirements file found: ./requirements.txt
2025-03-06 11:30:21 - .gitignore file found at ../../.gitignore
2025-03-06 11:30:21 - Work/Q4/venv already exists in .gitignore
2025-03-06 11:30:21 - Virtual environment already exists
2025-03-06 11:30:21 - Activating virtual environment
2025-03-06 11:30:21 - Installing requirements from ./requirements.txt
Collecting argparse (from -r ./requirements.txt (line 1))
  Using cached argparse-1.4.0-py2.py3-none-any.whl.metadata (2.8 kB)
Requirement already satisfied: matplotlib in ./venv/lib/python3.12/site-packages (from -r ./requirements.txt (line 2)) (3.10.1)
Requirement already satisfied: contourpy>=1.0.1 in ./venv/lib/python3.12/site-packages (from matplotlib->-r ./requirements.txt (line 2)) (1.3.1)
Requirement already satisfied: cycler>=0.10 in ./venv/lib/python3.12/site-packages (from matplotlib->-r ./requirements.txt (line 2)) (0.12.1)
Requirement already satisfied: fonttools>=4.22.0 in ./venv/lib/python3.12/site-packages (from matplotlib->-r ./requirements.txt (line 2)) (4.56.0)
Requirement already satisfied: kiwisolver>=1.3.1 in ./venv/lib/python3.12/site-packages (from matplotlib->-r ./requirements.txt (line 2)) (1.4.8)
Requirement already satisfied: numpy>=1.23 in ./venv/lib/python3.12/site-packages (from matplotlib->-r ./requirements.txt (line 2)) (2.2.3)
Requirement already satisfied: packaging>=20.0 in ./venv/lib/python3.12/site-packages (from matplotlib->-r ./requirements.txt (line 2)) (24.2)
Requirement already satisfied: pillow>=8 in ./venv/lib/python3.12/site-packages (from matplotlib->-r ./requirements.txt (line 2)) (11.1.0)
Requirement already satisfied: pyparsing>=2.3.1 in ./venv/lib/python3.12/site-packages (from matplotlib->-r ./requirements.txt (line 2)) (3.2.1)
Requirement already satisfied: python-dateutil>=2.7 in ./venv/lib/python3.12/site-packages (from matplotlib->-r ./requirements.txt (line 2)) (2.9.0.post0)
Requirement already satisfied: six>=1.5 in ./venv/lib/python3.12/site-packages (from python-dateutil>=2.7->matplotlib->-r ./requirements.txt (line 2)) (1.17.0)
Using cached argparse-1.4.0-py2.py3-none-any.whl (23 kB)
Installing collected packages: argparse
Successfully installed argparse-1.4.0
2025-03-06 11:30:22 - Processing CSV file: /home/ubuntu/LINUX_COURSE_PROJECT/DOWNLOADS/LINUX_COURSE_WORK-downloads/plants.csv
2025-03-06 11:30:22 - Processing plant: Rose
2025-03-06 11:30:22 - Running ../Q2/plant.py for Rose with height=50 55 60 65 70, leaf_count=35 40 45 50 55, dry_weight=2.0 2.2 2.5 2.7 3.0
2025-03-06 11:30:23 - PNG files moved to ./Diagrams/Rose/
2025-03-06 11:30:23 - Script output:
Plant: Rose
Height data: [50.0, 55.0, 60.0, 65.0, 70.0] cm
Leaf count data: [35, 40, 45, 50, 55]
Dry weight data: [2.0, 2.2, 2.5, 2.7, 3.0] g
Generated plots for Rose:
Scatter plot saved as Rose_scatter.png
Histogram saved as Rose_histogram.png
Line plot saved as Rose_line_plot.png

2025-03-06 11:30:23 - Script executed successfully for plant: Rose
2025-03-06 11:30:23 - Processing plant: Tulip
2025-03-06 11:30:23 - Running ../Q2/plant.py for Tulip with height=30 35 40 42, leaf_count=12 15 18 20, dry_weight=1.5 1.6 1.7 1.8
2025-03-06 11:30:24 - PNG files moved to ./Diagrams/Tulip/
2025-03-06 11:30:24 - Script output:
Plant: Tulip
Height data: [30.0, 35.0, 40.0, 42.0] cm
Leaf count data: [12, 15, 18, 20]
Dry weight data: [1.5, 1.6, 1.7, 1.8] g

2025-03-06 11:30:24 - ERROR: Script failed for plant: Tulip with exit code: 1
2025-03-06 11:30:24 - Processing plant: Sunflower
2025-03-06 11:30:24 - Running ../Q2/plant.py for Sunflower with height=120 125 130 135, leaf_count=50 55 60 65, dry_weight=5.0 5.5 6.0 6.5
2025-03-06 11:30:25 - PNG files moved to ./Diagrams/Sunflower/
2025-03-06 11:30:25 - Script output:
Plant: Sunflower
Height data: [120.0, 125.0, 130.0, 135.0] cm
Leaf count data: [50, 55, 60, 65]
Dry weight data: [5.0, 5.5, 6.0, 6.5] g

2025-03-06 11:30:25 - ERROR: Script failed for plant: Sunflower with exit code: 1
2025-03-06 11:30:25 - Processing plant: Daffodil
2025-03-06 11:30:25 - Running ../Q2/plant.py for Daffodil with height=40 45 50 55, leaf_count=15 18 20 22, dry_weight=1.8 2.0 2.2 2.5
2025-03-06 11:30:26 - PNG files moved to ./Diagrams/Daffodil/
2025-03-06 11:30:26 - Script output:
Plant: Daffodil
Height data: [40.0, 45.0, 50.0, 55.0] cm
Leaf count data: [15, 18, 20, 22]
Dry weight data: [1.8, 2.0, 2.2, 2.5] g

2025-03-06 11:30:26 - ERROR: Script failed for plant: Daffodil with exit code: 1
2025-03-06 11:30:26 - Processing plant: Lily
2025-03-06 11:30:26 - Running ../Q2/plant.py for Lily with height=60 65 70, leaf_count=20 22 24, dry_weight=2.5 2.7 3.0
2025-03-06 11:30:27 - PNG files moved to ./Diagrams/Lily/
2025-03-06 11:30:27 - Script output:
Plant: Lily
Height data: [60.0, 65.0, 70.0] cm
Leaf count data: [20, 22, 24]
Dry weight data: [2.5, 2.7, 3.0] g

2025-03-06 11:30:27 - ERROR: Script failed for plant: Lily with exit code: 1
2025-03-06 11:30:27 - Deactivating virtual environment
2025-03-06 11:30:27 - Script completed successfully
2025-03-06 11:42:40 - Script started
2025-03-06 11:42:40 - Python script path provided with -python flag: ../Q2/plant.py
2025-03-06 11:42:40 - CSV file provided with -c flag: /home/ubuntu/DOWNLOADS/LINUX_COURSE_WORK-downloads/plants.csv
2025-03-06 11:42:40 - ERROR: CSV file not found at /home/ubuntu/DOWNLOADS/LINUX_COURSE_WORK-downloads/plants.csv
2025-03-06 11:44:04 - Script started
2025-03-06 11:44:04 - Python script path provided with -python flag: ../Q2/plant.py
2025-03-06 11:44:04 - CSV file provided with -c flag: /home/ubuntu/LINUX_COURSE_PROJECT/DOWNLOADS/LINUX_COURSE_WORK-downloads/plants.csv
2025-03-06 11:44:04 - CSV file found: /home/ubuntu/LINUX_COURSE_PROJECT/DOWNLOADS/LINUX_COURSE_WORK-downloads/plants.csv
2025-03-06 11:44:04 - Python script found: ../Q2/plant.py
2025-03-06 11:44:04 - Requirements file found: ./requirements.txt
2025-03-06 11:44:04 - .gitignore file found at ../../.gitignore
2025-03-06 11:44:04 - Work/Q4/venv already exists in .gitignore
2025-03-06 11:44:04 - Virtual environment already exists
2025-03-06 11:44:04 - Activating virtual environment
2025-03-06 11:44:04 - Installing requirements from ./requirements.txt
Collecting argparse (from -r ./requirements.txt (line 1))
  Using cached argparse-1.4.0-py2.py3-none-any.whl.metadata (2.8 kB)
Requirement already satisfied: matplotlib in ./venv/lib/python3.12/site-packages (from -r ./requirements.txt (line 2)) (3.10.1)
Requirement already satisfied: contourpy>=1.0.1 in ./venv/lib/python3.12/site-packages (from matplotlib->-r ./requirements.txt (line 2)) (1.3.1)
Requirement already satisfied: cycler>=0.10 in ./venv/lib/python3.12/site-packages (from matplotlib->-r ./requirements.txt (line 2)) (0.12.1)
Requirement already satisfied: fonttools>=4.22.0 in ./venv/lib/python3.12/site-packages (from matplotlib->-r ./requirements.txt (line 2)) (4.56.0)
Requirement already satisfied: kiwisolver>=1.3.1 in ./venv/lib/python3.12/site-packages (from matplotlib->-r ./requirements.txt (line 2)) (1.4.8)
Requirement already satisfied: numpy>=1.23 in ./venv/lib/python3.12/site-packages (from matplotlib->-r ./requirements.txt (line 2)) (2.2.3)
Requirement already satisfied: packaging>=20.0 in ./venv/lib/python3.12/site-packages (from matplotlib->-r ./requirements.txt (line 2)) (24.2)
Requirement already satisfied: pillow>=8 in ./venv/lib/python3.12/site-packages (from matplotlib->-r ./requirements.txt (line 2)) (11.1.0)
Requirement already satisfied: pyparsing>=2.3.1 in ./venv/lib/python3.12/site-packages (from matplotlib->-r ./requirements.txt (line 2)) (3.2.1)
Requirement already satisfied: python-dateutil>=2.7 in ./venv/lib/python3.12/site-packages (from matplotlib->-r ./requirements.txt (line 2)) (2.9.0.post0)
Requirement already satisfied: six>=1.5 in ./venv/lib/python3.12/site-packages (from python-dateutil>=2.7->matplotlib->-r ./requirements.txt (line 2)) (1.17.0)
Using cached argparse-1.4.0-py2.py3-none-any.whl (23 kB)
Installing collected packages: argparse
Successfully installed argparse-1.4.0
2025-03-06 11:44:05 - Processing CSV file: /home/ubuntu/LINUX_COURSE_PROJECT/DOWNLOADS/LINUX_COURSE_WORK-downloads/plants.csv
2025-03-06 11:44:05 - Processing plant: Rose
2025-03-06 11:44:05 - Running ../Q2/plant.py for Rose with height=50 55 60 65 70, leaf_count=35 40 45 50 55, dry_weight=2.0 2.2 2.5 2.7 3.0
2025-03-06 11:44:07 - PNG files moved to ./Diagrams/Rose/
2025-03-06 11:44:07 - Script output:
Plant: Rose
Height data: [50.0, 55.0, 60.0, 65.0, 70.0] cm
Leaf count data: [35, 40, 45, 50, 55]
Dry weight data: [2.0, 2.2, 2.5, 2.7, 3.0] g
Generated plots for Rose:
Scatter plot saved as Rose_scatter.png
Histogram saved as Rose_histogram.png
Line plot saved as Rose_line_plot.png

2025-03-06 11:44:07 - Script executed successfully for plant: Rose
2025-03-06 11:44:07 - Processing plant: Tulip
2025-03-06 11:44:07 - Running ../Q2/plant.py for Tulip with height=30 35 40 42, leaf_count=12 15 18 20, dry_weight=1.5 1.6 1.7 1.8
2025-03-06 11:44:08 - PNG files moved to ./Diagrams/Tulip/
2025-03-06 11:44:08 - Script output:
Plant: Tulip
Height data: [30.0, 35.0, 40.0, 42.0] cm
Leaf count data: [12, 15, 18, 20]
Dry weight data: [1.5, 1.6, 1.7, 1.8] g

2025-03-06 11:44:08 - ERROR: Script failed for plant: Tulip with exit code: 1
2025-03-06 11:44:08 - Processing plant: Sunflower
2025-03-06 11:44:08 - Running ../Q2/plant.py for Sunflower with height=120 125 130 135, leaf_count=50 55 60 65, dry_weight=5.0 5.5 6.0 6.5
2025-03-06 11:44:09 - PNG files moved to ./Diagrams/Sunflower/
2025-03-06 11:44:09 - Script output:
Plant: Sunflower
Height data: [120.0, 125.0, 130.0, 135.0] cm
Leaf count data: [50, 55, 60, 65]
Dry weight data: [5.0, 5.5, 6.0, 6.5] g

2025-03-06 11:44:09 - ERROR: Script failed for plant: Sunflower with exit code: 1
2025-03-06 11:44:09 - Processing plant: Daffodil
2025-03-06 11:44:09 - Running ../Q2/plant.py for Daffodil with height=40 45 50 55, leaf_count=15 18 20 22, dry_weight=1.8 2.0 2.2 2.5
2025-03-06 11:44:10 - PNG files moved to ./Diagrams/Daffodil/
2025-03-06 11:44:10 - Script output:
Plant: Daffodil
Height data: [40.0, 45.0, 50.0, 55.0] cm
Leaf count data: [15, 18, 20, 22]
Dry weight data: [1.8, 2.0, 2.2, 2.5] g

2025-03-06 11:44:10 - ERROR: Script failed for plant: Daffodil with exit code: 1
2025-03-06 11:44:10 - Processing plant: Lily
2025-03-06 11:44:10 - Running ../Q2/plant.py for Lily with height=60 65 70, leaf_count=20 22 24, dry_weight=2.5 2.7 3.0
2025-03-06 11:44:11 - PNG files moved to ./Diagrams/Lily/
2025-03-06 11:44:11 - Script output:
Plant: Lily
Height data: [60.0, 65.0, 70.0] cm
Leaf count data: [20, 22, 24]
Dry weight data: [2.5, 2.7, 3.0] g

2025-03-06 11:44:11 - ERROR: Script failed for plant: Lily with exit code: 1
2025-03-06 11:44:11 - Deactivating virtual environment
2025-03-06 11:44:11 - Script completed successfully
